[2021-04-07 11:53:52] local.ERROR: file_put_contents(D:\EthicalSoMe\freeCodeGram-master\freeCodeGram-master\EtSo\storage\framework/sessions/y2BR1wmgoOh3y1ZN1xWRZ5x6pP68OKIEf4idi3LG): Failed to open stream: No such file or directory {"exception":"[object] (ErrorException(code: 0): file_put_contents(D:\\EthicalSoMe\\freeCodeGram-master\\freeCodeGram-master\\EtSo\\storage\\framework/sessions/y2BR1wmgoOh3y1ZN1xWRZ5x6pP68OKIEf4idi3LG): Failed to open stream: No such file or directory at D:\\EthicalSoMe\\freeCodeGram-master\\freeCodeGram-master\\vendor\\laravel\\framework\\src\\Illuminate\\Filesystem\\Filesystem.php:185)
[stacktrace]
#0 [internal function]: Illuminate\\Foundation\\Bootstrap\\HandleExceptions->handleError(2, 'file_put_conten...', 'D:\\\\EthicalSoMe\\\\...', 185)
#1 D:\\EthicalSoMe\\freeCodeGram-master\\freeCodeGram-master\\vendor\\laravel\\framework\\src\\Illuminate\\Filesystem\\Filesystem.php(185): file_put_contents('D:\\\\EthicalSoMe\\\\...', 'a:4:{s:6:\"_toke...', 2)
#2 D:\\EthicalSoMe\\freeCodeGram-master\\freeCodeGram-master\\vendor\\laravel\\framework\\src\\Illuminate\\Session\\FileSessionHandler.php(83): Illuminate\\Filesystem\\Filesystem->put('D:\\\\EthicalSoMe\\\\...', 'a:4:{s:6:\"_toke...', true)
#3 D:\\EthicalSoMe\\freeCodeGram-master\\freeCodeGram-master\\vendor\\laravel\\framework\\src\\Illuminate\\Session\\Store.php(129): Illuminate\\Session\\FileSessionHandler->write('y2BR1wmgoOh3y1Z...', 'a:4:{s:6:\"_toke...')
#4 D:\\EthicalSoMe\\freeCodeGram-master\\freeCodeGram-master\\vendor\\laravel\\framework\\src\\Illuminate\\Session\\Middleware\\StartSession.php(236): Illuminate\\Session\\Store->save()
#5 D:\\EthicalSoMe\\freeCodeGram-master\\freeCodeGram-master\\vendor\\laravel\\framework\\src\\Illuminate\\Session\\Middleware\\StartSession.php(130): Illuminate\\Session\\Middleware\\StartSession->saveSession(Object(Illuminate\\Http\\Request))
#6 D:\\EthicalSoMe\\freeCodeGram-master\\freeCodeGram-master\\vendor\\laravel\\framework\\src\\Illuminate\\Session\\Middleware\\StartSession.php(64): Illuminate\\Session\\Middleware\\StartSession->handleStatefulRequest(Object(Illuminate\\Http\\Request), Object(Illuminate\\Session\\Store), Object(Closure))
#7 D:\\EthicalSoMe\\freeCodeGram-master\\freeCodeGram-master\\vendor\\laravel\\framework\\src\\Illuminate\\Pipeline\\Pipeline.php(167): Illuminate\\Session\\Middleware\\StartSession->handle(Object(Illuminate\\Http\\Request), Object(Closure))
#8 D:\\EthicalSoMe\\freeCodeGram-master\\freeCodeGram-master\\vendor\\laravel\\framework\\src\\Illuminate\\Cookie\\Middleware\\AddQueuedCookiesToResponse.php(37): Illuminate\\Pipeline\\Pipeline->Illuminate\\Pipeline\\{closure}(Object(Illuminate\\Http\\Request))
#9 D:\\EthicalSoMe\\freeCodeGram-master\\freeCodeGram-master\\vendor\\laravel\\framework\\src\\Illuminate\\Pipeline\\Pipeline.php(167): Illuminate\\Cookie\\Middleware\\AddQueuedCookiesToResponse->handle(Object(Illuminate\\Http\\Request), Object(Closure))
#10 D:\\EthicalSoMe\\freeCodeGram-master\\freeCodeGram-master\\vendor\\laravel\\framework\\src\\Illuminate\\Cookie\\Middleware\\EncryptCookies.php(67): Illuminate\\Pipeline\\Pipeline->Illuminate\\Pipeline\\{closure}(Object(Illuminate\\Http\\Request))
#11 D:\\EthicalSoMe\\freeCodeGram-master\\freeCodeGram-master\\vendor\\laravel\\framework\\src\\Illuminate\\Pipeline\\Pipeline.php(167): Illuminate\\Cookie\\Middleware\\EncryptCookies->handle(Object(Illuminate\\Http\\Request), Object(Closure))
#12 D:\\EthicalSoMe\\freeCodeGram-master\\freeCodeGram-master\\vendor\\laravel\\framework\\src\\Illuminate\\Pipeline\\Pipeline.php(103): Illuminate\\Pipeline\\Pipeline->Illuminate\\Pipeline\\{closure}(Object(Illuminate\\Http\\Request))
#13 D:\\EthicalSoMe\\freeCodeGram-master\\freeCodeGram-master\\vendor\\laravel\\framework\\src\\Illuminate\\Routing\\Router.php(697): Illuminate\\Pipeline\\Pipeline->then(Object(Closure))
#14 D:\\EthicalSoMe\\freeCodeGram-master\\freeCodeGram-master\\vendor\\laravel\\framework\\src\\Illuminate\\Routing\\Router.php(672): Illuminate\\Routing\\Router->runRouteWithinStack(Object(Illuminate\\Routing\\Route), Object(Illuminate\\Http\\Request))
#15 D:\\EthicalSoMe\\freeCodeGram-master\\freeCodeGram-master\\vendor\\laravel\\framework\\src\\Illuminate\\Routing\\Router.php(636): Illuminate\\Routing\\Router->runRoute(Object(Illuminate\\Http\\Request), Object(Illuminate\\Routing\\Route))
#16 D:\\EthicalSoMe\\freeCodeGram-master\\freeCodeGram-master\\vendor\\laravel\\framework\\src\\Illuminate\\Routing\\Router.php(625): Illuminate\\Routing\\Router->dispatchToRoute(Object(Illuminate\\Http\\Request))
#17 D:\\EthicalSoMe\\freeCodeGram-master\\freeCodeGram-master\\vendor\\laravel\\framework\\src\\Illuminate\\Foundation\\Http\\Kernel.php(166): Illuminate\\Routing\\Router->dispatch(Object(Illuminate\\Http\\Request))
#18 D:\\EthicalSoMe\\freeCodeGram-master\\freeCodeGram-master\\vendor\\laravel\\framework\\src\\Illuminate\\Pipeline\\Pipeline.php(128): Illuminate\\Foundation\\Http\\Kernel->Illuminate\\Foundation\\Http\\{closure}(Object(Illuminate\\Http\\Request))
#19 D:\\EthicalSoMe\\freeCodeGram-master\\freeCodeGram-master\\vendor\\fideloper\\proxy\\src\\TrustProxies.php(57): Illuminate\\Pipeline\\Pipeline->Illuminate\\Pipeline\\{closure}(Object(Illuminate\\Http\\Request))
#20 D:\\EthicalSoMe\\freeCodeGram-master\\freeCodeGram-master\\vendor\\laravel\\framework\\src\\Illuminate\\Pipeline\\Pipeline.php(167): Fideloper\\Proxy\\TrustProxies->handle(Object(Illuminate\\Http\\Request), Object(Closure))
#21 D:\\EthicalSoMe\\freeCodeGram-master\\freeCodeGram-master\\vendor\\laravel\\framework\\src\\Illuminate\\Foundation\\Http\\Middleware\\TransformsRequest.php(21): Illuminate\\Pipeline\\Pipeline->Illuminate\\Pipeline\\{closure}(Object(Illuminate\\Http\\Request))
#22 D:\\EthicalSoMe\\freeCodeGram-master\\freeCodeGram-master\\vendor\\laravel\\framework\\src\\Illuminate\\Foundation\\Http\\Middleware\\ConvertEmptyStringsToNull.php(31): Illuminate\\Foundation\\Http\\Middleware\\TransformsRequest->handle(Object(Illuminate\\Http\\Request), Object(Closure))
#23 D:\\EthicalSoMe\\freeCodeGram-master\\freeCodeGram-master\\vendor\\laravel\\framework\\src\\Illuminate\\Pipeline\\Pipeline.php(167): Illuminate\\Foundation\\Http\\Middleware\\ConvertEmptyStringsToNull->handle(Object(Illuminate\\Http\\Request), Object(Closure))
#24 D:\\EthicalSoMe\\freeCodeGram-master\\freeCodeGram-master\\vendor\\laravel\\framework\\src\\Illuminate\\Foundation\\Http\\Middleware\\TransformsRequest.php(21): Illuminate\\Pipeline\\Pipeline->Illuminate\\Pipeline\\{closure}(Object(Illuminate\\Http\\Request))
#25 D:\\EthicalSoMe\\freeCodeGram-master\\freeCodeGram-master\\vendor\\laravel\\framework\\src\\Illuminate\\Foundation\\Http\\Middleware\\TrimStrings.php(40): Illuminate\\Foundation\\Http\\Middleware\\TransformsRequest->handle(Object(Illuminate\\Http\\Request), Object(Closure))
#26 D:\\EthicalSoMe\\freeCodeGram-master\\freeCodeGram-master\\vendor\\laravel\\framework\\src\\Illuminate\\Pipeline\\Pipeline.php(167): Illuminate\\Foundation\\Http\\Middleware\\TrimStrings->handle(Object(Illuminate\\Http\\Request), Object(Closure))
#27 D:\\EthicalSoMe\\freeCodeGram-master\\freeCodeGram-master\\vendor\\laravel\\framework\\src\\Illuminate\\Foundation\\Http\\Middleware\\ValidatePostSize.php(27): Illuminate\\Pipeline\\Pipeline->Illuminate\\Pipeline\\{closure}(Object(Illuminate\\Http\\Request))
#28 D:\\EthicalSoMe\\freeCodeGram-master\\freeCodeGram-master\\vendor\\laravel\\framework\\src\\Illuminate\\Pipeline\\Pipeline.php(167): Illuminate\\Foundation\\Http\\Middleware\\ValidatePostSize->handle(Object(Illuminate\\Http\\Request), Object(Closure))
#29 D:\\EthicalSoMe\\freeCodeGram-master\\freeCodeGram-master\\vendor\\laravel\\framework\\src\\Illuminate\\Foundation\\Http\\Middleware\\PreventRequestsDuringMaintenance.php(86): Illuminate\\Pipeline\\Pipeline->Illuminate\\Pipeline\\{closure}(Object(Illuminate\\Http\\Request))
#30 D:\\EthicalSoMe\\freeCodeGram-master\\freeCodeGram-master\\vendor\\laravel\\framework\\src\\Illuminate\\Pipeline\\Pipeline.php(167): Illuminate\\Foundation\\Http\\Middleware\\PreventRequestsDuringMaintenance->handle(Object(Illuminate\\Http\\Request), Object(Closure))
#31 D:\\EthicalSoMe\\freeCodeGram-master\\freeCodeGram-master\\vendor\\laravel\\framework\\src\\Illuminate\\Pipeline\\Pipeline.php(103): Illuminate\\Pipeline\\Pipeline->Illuminate\\Pipeline\\{closure}(Object(Illuminate\\Http\\Request))
#32 D:\\EthicalSoMe\\freeCodeGram-master\\freeCodeGram-master\\vendor\\laravel\\framework\\src\\Illuminate\\Foundation\\Http\\Kernel.php(141): Illuminate\\Pipeline\\Pipeline->then(Object(Closure))
#33 D:\\EthicalSoMe\\freeCodeGram-master\\freeCodeGram-master\\vendor\\laravel\\framework\\src\\Illuminate\\Foundation\\Http\\Kernel.php(110): Illuminate\\Foundation\\Http\\Kernel->sendRequestThroughRouter(Object(Illuminate\\Http\\Request))
#34 D:\\EthicalSoMe\\freeCodeGram-master\\freeCodeGram-master\\public\\index.php(55): Illuminate\\Foundation\\Http\\Kernel->handle(Object(Illuminate\\Http\\Request))
#35 D:\\EthicalSoMe\\freeCodeGram-master\\freeCodeGram-master\\server.php(21): require_once('D:\\\\EthicalSoMe\\\\...')
#36 {main}
"} 
[2021-04-07 11:53:52] local.ERROR: Database (D:\EthicalSoMe\freeCodeGram-master\freeCodeGram-master\EtSo\database\database.sqlite) does not exist. (SQL: PRAGMA foreign_keys = ON;) {"exception":"[object] (Illuminate\\Database\\QueryException(code: 0): Database (D:\\EthicalSoMe\\freeCodeGram-master\\freeCodeGram-master\\EtSo\\database\\database.sqlite) does not exist. (SQL: PRAGMA foreign_keys = ON;) at D:\\EthicalSoMe\\freeCodeGram-master\\freeCodeGram-master\\vendor\\laravel\\framework\\src\\Illuminate\\Database\\Connection.php:678)
[stacktrace]
#0 D:\\EthicalSoMe\\freeCodeGram-master\\freeCodeGram-master\\vendor\\laravel\\framework\\src\\Illuminate\\Database\\Connection.php(638): Illuminate\\Database\\Connection->runQueryCallback('PRAGMA foreign_...', Array, Object(Closure))
#1 D:\\EthicalSoMe\\freeCodeGram-master\\freeCodeGram-master\\vendor\\laravel\\framework\\src\\Illuminate\\Database\\Connection.php(472): Illuminate\\Database\\Connection->run('PRAGMA foreign_...', Array, Object(Closure))
#2 D:\\EthicalSoMe\\freeCodeGram-master\\freeCodeGram-master\\vendor\\laravel\\framework\\src\\Illuminate\\Database\\Schema\\Builder.php(335): Illuminate\\Database\\Connection->statement('PRAGMA foreign_...')
#3 D:\\EthicalSoMe\\freeCodeGram-master\\freeCodeGram-master\\vendor\\laravel\\framework\\src\\Illuminate\\Database\\SQLiteConnection.php(37): Illuminate\\Database\\Schema\\Builder->enableForeignKeyConstraints()
#4 D:\\EthicalSoMe\\freeCodeGram-master\\freeCodeGram-master\\vendor\\laravel\\framework\\src\\Illuminate\\Database\\Connectors\\ConnectionFactory.php(282): Illuminate\\Database\\SQLiteConnection->__construct(Object(Closure), 'D:\\\\EthicalSoMe\\\\...', '', Array)
#5 D:\\EthicalSoMe\\freeCodeGram-master\\freeCodeGram-master\\vendor\\laravel\\framework\\src\\Illuminate\\Database\\Connectors\\ConnectionFactory.php(76): Illuminate\\Database\\Connectors\\ConnectionFactory->createConnection('sqlite', Object(Closure), 'D:\\\\EthicalSoMe\\\\...', '', Array)
#6 D:\\EthicalSoMe\\freeCodeGram-master\\freeCodeGram-master\\vendor\\laravel\\framework\\src\\Illuminate\\Database\\Connectors\\ConnectionFactory.php(50): Illuminate\\Database\\Connectors\\ConnectionFactory->createSingleConnection(Array)
#7 D:\\EthicalSoMe\\freeCodeGram-master\\freeCodeGram-master\\vendor\\laravel\\framework\\src\\Illuminate\\Database\\DatabaseManager.php(131): Illuminate\\Database\\Connectors\\ConnectionFactory->make(Array, 'sqlite')
#8 D:\\EthicalSoMe\\freeCodeGram-master\\freeCodeGram-master\\vendor\\laravel\\framework\\src\\Illuminate\\Database\\DatabaseManager.php(86): Illuminate\\Database\\DatabaseManager->makeConnection('sqlite')
#9 D:\\EthicalSoMe\\freeCodeGram-master\\freeCodeGram-master\\vendor\\laravel\\framework\\src\\Illuminate\\Support\\Facades\\Facade.php(261): Illuminate\\Database\\DatabaseManager->connection('sqlite')
#10 D:\\EthicalSoMe\\freeCodeGram-master\\freeCodeGram-master\\vendor\\laravel\\telescope\\src\\Storage\\DatabaseEntriesRepository.php(383): Illuminate\\Support\\Facades\\Facade::__callStatic('connection', Array)
#11 D:\\EthicalSoMe\\freeCodeGram-master\\freeCodeGram-master\\vendor\\laravel\\telescope\\src\\Storage\\DatabaseEntriesRepository.php(163): Laravel\\Telescope\\Storage\\DatabaseEntriesRepository->table('telescope_entri...')
#12 D:\\EthicalSoMe\\freeCodeGram-master\\freeCodeGram-master\\vendor\\laravel\\framework\\src\\Illuminate\\Collections\\Traits\\EnumeratesValues.php(234): Laravel\\Telescope\\Storage\\DatabaseEntriesRepository->Laravel\\Telescope\\Storage\\{closure}(Object(Illuminate\\Support\\Collection), 0)
#13 D:\\EthicalSoMe\\freeCodeGram-master\\freeCodeGram-master\\vendor\\laravel\\telescope\\src\\Storage\\DatabaseEntriesRepository.php(178): Illuminate\\Support\\Collection->each(Object(Closure))
#14 D:\\EthicalSoMe\\freeCodeGram-master\\freeCodeGram-master\\vendor\\laravel\\telescope\\src\\Storage\\DatabaseEntriesRepository.php(139): Laravel\\Telescope\\Storage\\DatabaseEntriesRepository->storeExceptions(Object(Illuminate\\Support\\Collection))
#15 D:\\EthicalSoMe\\freeCodeGram-master\\freeCodeGram-master\\vendor\\laravel\\telescope\\src\\Telescope.php(632): Laravel\\Telescope\\Storage\\DatabaseEntriesRepository->store(Object(Illuminate\\Support\\Collection))
#16 [internal function]: Laravel\\Telescope\\Telescope::Laravel\\Telescope\\{closure}()
#17 D:\\EthicalSoMe\\freeCodeGram-master\\freeCodeGram-master\\vendor\\laravel\\telescope\\src\\Telescope.php(265): call_user_func(Object(Closure))
#18 D:\\EthicalSoMe\\freeCodeGram-master\\freeCodeGram-master\\vendor\\laravel\\telescope\\src\\Telescope.php(643): Laravel\\Telescope\\Telescope::withoutRecording(Object(Closure))
#19 D:\\EthicalSoMe\\freeCodeGram-master\\freeCodeGram-master\\vendor\\laravel\\telescope\\src\\ListensForStorageOpportunities.php(65): Laravel\\Telescope\\Telescope::store(Object(Laravel\\Telescope\\Storage\\DatabaseEntriesRepository))
#20 D:\\EthicalSoMe\\freeCodeGram-master\\freeCodeGram-master\\vendor\\laravel\\framework\\src\\Illuminate\\Container\\BoundMethod.php(36): Laravel\\Telescope\\Telescope::Laravel\\Telescope\\{closure}()
#21 D:\\EthicalSoMe\\freeCodeGram-master\\freeCodeGram-master\\vendor\\laravel\\framework\\src\\Illuminate\\Container\\Util.php(40): Illuminate\\Container\\BoundMethod::Illuminate\\Container\\{closure}()
#22 D:\\EthicalSoMe\\freeCodeGram-master\\freeCodeGram-master\\vendor\\laravel\\framework\\src\\Illuminate\\Container\\BoundMethod.php(81): Illuminate\\Container\\Util::unwrapIfClosure(Object(Closure))
#23 D:\\EthicalSoMe\\freeCodeGram-master\\freeCodeGram-master\\vendor\\laravel\\framework\\src\\Illuminate\\Container\\BoundMethod.php(37): Illuminate\\Container\\BoundMethod::callBoundMethod(Object(Illuminate\\Foundation\\Application), Object(Closure), Object(Closure))
#24 D:\\EthicalSoMe\\freeCodeGram-master\\freeCodeGram-master\\vendor\\laravel\\framework\\src\\Illuminate\\Container\\Container.php(611): Illuminate\\Container\\BoundMethod::call(Object(Illuminate\\Foundation\\Application), Object(Closure), Array, NULL)
#25 D:\\EthicalSoMe\\freeCodeGram-master\\freeCodeGram-master\\vendor\\laravel\\framework\\src\\Illuminate\\Foundation\\Application.php(1140): Illuminate\\Container\\Container->call(Object(Closure))
#26 D:\\EthicalSoMe\\freeCodeGram-master\\freeCodeGram-master\\vendor\\laravel\\framework\\src\\Illuminate\\Foundation\\Http\\Kernel.php(181): Illuminate\\Foundation\\Application->terminate()
#27 D:\\EthicalSoMe\\freeCodeGram-master\\freeCodeGram-master\\public\\index.php(60): Illuminate\\Foundation\\Http\\Kernel->terminate(Object(Illuminate\\Http\\Request), Object(Illuminate\\Http\\Response))
#28 D:\\EthicalSoMe\\freeCodeGram-master\\freeCodeGram-master\\server.php(21): require_once('D:\\\\EthicalSoMe\\\\...')
#29 {main}

[previous exception] [object] (InvalidArgumentException(code: 0): Database (D:\\EthicalSoMe\\freeCodeGram-master\\freeCodeGram-master\\EtSo\\database\\database.sqlite) does not exist. at D:\\EthicalSoMe\\freeCodeGram-master\\freeCodeGram-master\\vendor\\laravel\\framework\\src\\Illuminate\\Database\\Connectors\\SQLiteConnector.php:34)
[stacktrace]
#0 D:\\EthicalSoMe\\freeCodeGram-master\\freeCodeGram-master\\vendor\\laravel\\framework\\src\\Illuminate\\Database\\Connectors\\ConnectionFactory.php(222): Illuminate\\Database\\Connectors\\SQLiteConnector->connect(Array)
#1 [internal function]: Illuminate\\Database\\Connectors\\ConnectionFactory->Illuminate\\Database\\Connectors\\{closure}()
#2 D:\\EthicalSoMe\\freeCodeGram-master\\freeCodeGram-master\\vendor\\laravel\\framework\\src\\Illuminate\\Database\\Connection.php(949): call_user_func(Object(Closure))
#3 D:\\EthicalSoMe\\freeCodeGram-master\\freeCodeGram-master\\vendor\\laravel\\framework\\src\\Illuminate\\Database\\Connection.php(465): Illuminate\\Database\\Connection->getPdo()
#4 D:\\EthicalSoMe\\freeCodeGram-master\\freeCodeGram-master\\vendor\\laravel\\framework\\src\\Illuminate\\Database\\Connection.php(671): Illuminate\\Database\\Connection->Illuminate\\Database\\{closure}('PRAGMA foreign_...', Array)
#5 D:\\EthicalSoMe\\freeCodeGram-master\\freeCodeGram-master\\vendor\\laravel\\framework\\src\\Illuminate\\Database\\Connection.php(638): Illuminate\\Database\\Connection->runQueryCallback('PRAGMA foreign_...', Array, Object(Closure))
#6 D:\\EthicalSoMe\\freeCodeGram-master\\freeCodeGram-master\\vendor\\laravel\\framework\\src\\Illuminate\\Database\\Connection.php(472): Illuminate\\Database\\Connection->run('PRAGMA foreign_...', Array, Object(Closure))
#7 D:\\EthicalSoMe\\freeCodeGram-master\\freeCodeGram-master\\vendor\\laravel\\framework\\src\\Illuminate\\Database\\Schema\\Builder.php(335): Illuminate\\Database\\Connection->statement('PRAGMA foreign_...')
#8 D:\\EthicalSoMe\\freeCodeGram-master\\freeCodeGram-master\\vendor\\laravel\\framework\\src\\Illuminate\\Database\\SQLiteConnection.php(37): Illuminate\\Database\\Schema\\Builder->enableForeignKeyConstraints()
#9 D:\\EthicalSoMe\\freeCodeGram-master\\freeCodeGram-master\\vendor\\laravel\\framework\\src\\Illuminate\\Database\\Connectors\\ConnectionFactory.php(282): Illuminate\\Database\\SQLiteConnection->__construct(Object(Closure), 'D:\\\\EthicalSoMe\\\\...', '', Array)
#10 D:\\EthicalSoMe\\freeCodeGram-master\\freeCodeGram-master\\vendor\\laravel\\framework\\src\\Illuminate\\Database\\Connectors\\ConnectionFactory.php(76): Illuminate\\Database\\Connectors\\ConnectionFactory->createConnection('sqlite', Object(Closure), 'D:\\\\EthicalSoMe\\\\...', '', Array)
#11 D:\\EthicalSoMe\\freeCodeGram-master\\freeCodeGram-master\\vendor\\laravel\\framework\\src\\Illuminate\\Database\\Connectors\\ConnectionFactory.php(50): Illuminate\\Database\\Connectors\\ConnectionFactory->createSingleConnection(Array)
#12 D:\\EthicalSoMe\\freeCodeGram-master\\freeCodeGram-master\\vendor\\laravel\\framework\\src\\Illuminate\\Database\\DatabaseManager.php(131): Illuminate\\Database\\Connectors\\ConnectionFactory->make(Array, 'sqlite')
#13 D:\\EthicalSoMe\\freeCodeGram-master\\freeCodeGram-master\\vendor\\laravel\\framework\\src\\Illuminate\\Database\\DatabaseManager.php(86): Illuminate\\Database\\DatabaseManager->makeConnection('sqlite')
#14 D:\\EthicalSoMe\\freeCodeGram-master\\freeCodeGram-master\\vendor\\laravel\\framework\\src\\Illuminate\\Support\\Facades\\Facade.php(261): Illuminate\\Database\\DatabaseManager->connection('sqlite')
#15 D:\\EthicalSoMe\\freeCodeGram-master\\freeCodeGram-master\\vendor\\laravel\\telescope\\src\\Storage\\DatabaseEntriesRepository.php(383): Illuminate\\Support\\Facades\\Facade::__callStatic('connection', Array)
#16 D:\\EthicalSoMe\\freeCodeGram-master\\freeCodeGram-master\\vendor\\laravel\\telescope\\src\\Storage\\DatabaseEntriesRepository.php(163): Laravel\\Telescope\\Storage\\DatabaseEntriesRepository->table('telescope_entri...')
#17 D:\\EthicalSoMe\\freeCodeGram-master\\freeCodeGram-master\\vendor\\laravel\\framework\\src\\Illuminate\\Collections\\Traits\\EnumeratesValues.php(234): Laravel\\Telescope\\Storage\\DatabaseEntriesRepository->Laravel\\Telescope\\Storage\\{closure}(Object(Illuminate\\Support\\Collection), 0)
#18 D:\\EthicalSoMe\\freeCodeGram-master\\freeCodeGram-master\\vendor\\laravel\\telescope\\src\\Storage\\DatabaseEntriesRepository.php(178): Illuminate\\Support\\Collection->each(Object(Closure))
#19 D:\\EthicalSoMe\\freeCodeGram-master\\freeCodeGram-master\\vendor\\laravel\\telescope\\src\\Storage\\DatabaseEntriesRepository.php(139): Laravel\\Telescope\\Storage\\DatabaseEntriesRepository->storeExceptions(Object(Illuminate\\Support\\Collection))
#20 D:\\EthicalSoMe\\freeCodeGram-master\\freeCodeGram-master\\vendor\\laravel\\telescope\\src\\Telescope.php(632): Laravel\\Telescope\\Storage\\DatabaseEntriesRepository->store(Object(Illuminate\\Support\\Collection))
#21 [internal function]: Laravel\\Telescope\\Telescope::Laravel\\Telescope\\{closure}()
#22 D:\\EthicalSoMe\\freeCodeGram-master\\freeCodeGram-master\\vendor\\laravel\\telescope\\src\\Telescope.php(265): call_user_func(Object(Closure))
#23 D:\\EthicalSoMe\\freeCodeGram-master\\freeCodeGram-master\\vendor\\laravel\\telescope\\src\\Telescope.php(643): Laravel\\Telescope\\Telescope::withoutRecording(Object(Closure))
#24 D:\\EthicalSoMe\\freeCodeGram-master\\freeCodeGram-master\\vendor\\laravel\\telescope\\src\\ListensForStorageOpportunities.php(65): Laravel\\Telescope\\Telescope::store(Object(Laravel\\Telescope\\Storage\\DatabaseEntriesRepository))
#25 D:\\EthicalSoMe\\freeCodeGram-master\\freeCodeGram-master\\vendor\\laravel\\framework\\src\\Illuminate\\Container\\BoundMethod.php(36): Laravel\\Telescope\\Telescope::Laravel\\Telescope\\{closure}()
#26 D:\\EthicalSoMe\\freeCodeGram-master\\freeCodeGram-master\\vendor\\laravel\\framework\\src\\Illuminate\\Container\\Util.php(40): Illuminate\\Container\\BoundMethod::Illuminate\\Container\\{closure}()
#27 D:\\EthicalSoMe\\freeCodeGram-master\\freeCodeGram-master\\vendor\\laravel\\framework\\src\\Illuminate\\Container\\BoundMethod.php(81): Illuminate\\Container\\Util::unwrapIfClosure(Object(Closure))
#28 D:\\EthicalSoMe\\freeCodeGram-master\\freeCodeGram-master\\vendor\\laravel\\framework\\src\\Illuminate\\Container\\BoundMethod.php(37): Illuminate\\Container\\BoundMethod::callBoundMethod(Object(Illuminate\\Foundation\\Application), Object(Closure), Object(Closure))
#29 D:\\EthicalSoMe\\freeCodeGram-master\\freeCodeGram-master\\vendor\\laravel\\framework\\src\\Illuminate\\Container\\Container.php(611): Illuminate\\Container\\BoundMethod::call(Object(Illuminate\\Foundation\\Application), Object(Closure), Array, NULL)
#30 D:\\EthicalSoMe\\freeCodeGram-master\\freeCodeGram-master\\vendor\\laravel\\framework\\src\\Illuminate\\Foundation\\Application.php(1140): Illuminate\\Container\\Container->call(Object(Closure))
#31 D:\\EthicalSoMe\\freeCodeGram-master\\freeCodeGram-master\\vendor\\laravel\\framework\\src\\Illuminate\\Foundation\\Http\\Kernel.php(181): Illuminate\\Foundation\\Application->terminate()
#32 D:\\EthicalSoMe\\freeCodeGram-master\\freeCodeGram-master\\public\\index.php(60): Illuminate\\Foundation\\Http\\Kernel->terminate(Object(Illuminate\\Http\\Request), Object(Illuminate\\Http\\Response))
#33 D:\\EthicalSoMe\\freeCodeGram-master\\freeCodeGram-master\\server.php(21): require_once('D:\\\\EthicalSoMe\\\\...')
#34 {main}
"} 
[2021-04-07 11:53:54] local.ERROR: file_put_contents(D:\EthicalSoMe\freeCodeGram-master\freeCodeGram-master\EtSo\storage\framework/sessions/y2BR1wmgoOh3y1ZN1xWRZ5x6pP68OKIEf4idi3LG): Failed to open stream: No such file or directory {"exception":"[object] (ErrorException(code: 0): file_put_contents(D:\\EthicalSoMe\\freeCodeGram-master\\freeCodeGram-master\\EtSo\\storage\\framework/sessions/y2BR1wmgoOh3y1ZN1xWRZ5x6pP68OKIEf4idi3LG): Failed to open stream: No such file or directory at D:\\EthicalSoMe\\freeCodeGram-master\\freeCodeGram-master\\vendor\\laravel\\framework\\src\\Illuminate\\Filesystem\\Filesystem.php:185)
[stacktrace]
#0 [internal function]: Illuminate\\Foundation\\Bootstrap\\HandleExceptions->handleError(2, 'file_put_conten...', 'D:\\\\EthicalSoMe\\\\...', 185)
#1 D:\\EthicalSoMe\\freeCodeGram-master\\freeCodeGram-master\\vendor\\laravel\\framework\\src\\Illuminate\\Filesystem\\Filesystem.php(185): file_put_contents('D:\\\\EthicalSoMe\\\\...', 'a:4:{s:6:\"_toke...', 2)
#2 D:\\EthicalSoMe\\freeCodeGram-master\\freeCodeGram-master\\vendor\\laravel\\framework\\src\\Illuminate\\Session\\FileSessionHandler.php(83): Illuminate\\Filesystem\\Filesystem->put('D:\\\\EthicalSoMe\\\\...', 'a:4:{s:6:\"_toke...', true)
#3 D:\\EthicalSoMe\\freeCodeGram-master\\freeCodeGram-master\\vendor\\laravel\\framework\\src\\Illuminate\\Session\\Store.php(129): Illuminate\\Session\\FileSessionHandler->write('y2BR1wmgoOh3y1Z...', 'a:4:{s:6:\"_toke...')
#4 D:\\EthicalSoMe\\freeCodeGram-master\\freeCodeGram-master\\vendor\\laravel\\framework\\src\\Illuminate\\Session\\Middleware\\StartSession.php(236): Illuminate\\Session\\Store->save()
#5 D:\\EthicalSoMe\\freeCodeGram-master\\freeCodeGram-master\\vendor\\laravel\\framework\\src\\Illuminate\\Session\\Middleware\\StartSession.php(130): Illuminate\\Session\\Middleware\\StartSession->saveSession(Object(Illuminate\\Http\\Request))
#6 D:\\EthicalSoMe\\freeCodeGram-master\\freeCodeGram-master\\vendor\\laravel\\framework\\src\\Illuminate\\Session\\Middleware\\StartSession.php(64): Illuminate\\Session\\Middleware\\StartSession->handleStatefulRequest(Object(Illuminate\\Http\\Request), Object(Illuminate\\Session\\Store), Object(Closure))
#7 D:\\EthicalSoMe\\freeCodeGram-master\\freeCodeGram-master\\vendor\\laravel\\framework\\src\\Illuminate\\Pipeline\\Pipeline.php(167): Illuminate\\Session\\Middleware\\StartSession->handle(Object(Illuminate\\Http\\Request), Object(Closure))
#8 D:\\EthicalSoMe\\freeCodeGram-master\\freeCodeGram-master\\vendor\\laravel\\framework\\src\\Illuminate\\Cookie\\Middleware\\AddQueuedCookiesToResponse.php(37): Illuminate\\Pipeline\\Pipeline->Illuminate\\Pipeline\\{closure}(Object(Illuminate\\Http\\Request))
#9 D:\\EthicalSoMe\\freeCodeGram-master\\freeCodeGram-master\\vendor\\laravel\\framework\\src\\Illuminate\\Pipeline\\Pipeline.php(167): Illuminate\\Cookie\\Middleware\\AddQueuedCookiesToResponse->handle(Object(Illuminate\\Http\\Request), Object(Closure))
#10 D:\\EthicalSoMe\\freeCodeGram-master\\freeCodeGram-master\\vendor\\laravel\\framework\\src\\Illuminate\\Cookie\\Middleware\\EncryptCookies.php(67): Illuminate\\Pipeline\\Pipeline->Illuminate\\Pipeline\\{closure}(Object(Illuminate\\Http\\Request))
#11 D:\\EthicalSoMe\\freeCodeGram-master\\freeCodeGram-master\\vendor\\laravel\\framework\\src\\Illuminate\\Pipeline\\Pipeline.php(167): Illuminate\\Cookie\\Middleware\\EncryptCookies->handle(Object(Illuminate\\Http\\Request), Object(Closure))
#12 D:\\EthicalSoMe\\freeCodeGram-master\\freeCodeGram-master\\vendor\\laravel\\framework\\src\\Illuminate\\Pipeline\\Pipeline.php(103): Illuminate\\Pipeline\\Pipeline->Illuminate\\Pipeline\\{closure}(Object(Illuminate\\Http\\Request))
#13 D:\\EthicalSoMe\\freeCodeGram-master\\freeCodeGram-master\\vendor\\laravel\\framework\\src\\Illuminate\\Routing\\Router.php(697): Illuminate\\Pipeline\\Pipeline->then(Object(Closure))
#14 D:\\EthicalSoMe\\freeCodeGram-master\\freeCodeGram-master\\vendor\\laravel\\framework\\src\\Illuminate\\Routing\\Router.php(672): Illuminate\\Routing\\Router->runRouteWithinStack(Object(Illuminate\\Routing\\Route), Object(Illuminate\\Http\\Request))
#15 D:\\EthicalSoMe\\freeCodeGram-master\\freeCodeGram-master\\vendor\\laravel\\framework\\src\\Illuminate\\Routing\\Router.php(636): Illuminate\\Routing\\Router->runRoute(Object(Illuminate\\Http\\Request), Object(Illuminate\\Routing\\Route))
#16 D:\\EthicalSoMe\\freeCodeGram-master\\freeCodeGram-master\\vendor\\laravel\\framework\\src\\Illuminate\\Routing\\Router.php(625): Illuminate\\Routing\\Router->dispatchToRoute(Object(Illuminate\\Http\\Request))
#17 D:\\EthicalSoMe\\freeCodeGram-master\\freeCodeGram-master\\vendor\\laravel\\framework\\src\\Illuminate\\Foundation\\Http\\Kernel.php(166): Illuminate\\Routing\\Router->dispatch(Object(Illuminate\\Http\\Request))
#18 D:\\EthicalSoMe\\freeCodeGram-master\\freeCodeGram-master\\vendor\\laravel\\framework\\src\\Illuminate\\Pipeline\\Pipeline.php(128): Illuminate\\Foundation\\Http\\Kernel->Illuminate\\Foundation\\Http\\{closure}(Object(Illuminate\\Http\\Request))
#19 D:\\EthicalSoMe\\freeCodeGram-master\\freeCodeGram-master\\vendor\\fideloper\\proxy\\src\\TrustProxies.php(57): Illuminate\\Pipeline\\Pipeline->Illuminate\\Pipeline\\{closure}(Object(Illuminate\\Http\\Request))
#20 D:\\EthicalSoMe\\freeCodeGram-master\\freeCodeGram-master\\vendor\\laravel\\framework\\src\\Illuminate\\Pipeline\\Pipeline.php(167): Fideloper\\Proxy\\TrustProxies->handle(Object(Illuminate\\Http\\Request), Object(Closure))
#21 D:\\EthicalSoMe\\freeCodeGram-master\\freeCodeGram-master\\vendor\\laravel\\framework\\src\\Illuminate\\Foundation\\Http\\Middleware\\TransformsRequest.php(21): Illuminate\\Pipeline\\Pipeline->Illuminate\\Pipeline\\{closure}(Object(Illuminate\\Http\\Request))
#22 D:\\EthicalSoMe\\freeCodeGram-master\\freeCodeGram-master\\vendor\\laravel\\framework\\src\\Illuminate\\Foundation\\Http\\Middleware\\ConvertEmptyStringsToNull.php(31): Illuminate\\Foundation\\Http\\Middleware\\TransformsRequest->handle(Object(Illuminate\\Http\\Request), Object(Closure))
#23 D:\\EthicalSoMe\\freeCodeGram-master\\freeCodeGram-master\\vendor\\laravel\\framework\\src\\Illuminate\\Pipeline\\Pipeline.php(167): Illuminate\\Foundation\\Http\\Middleware\\ConvertEmptyStringsToNull->handle(Object(Illuminate\\Http\\Request), Object(Closure))
#24 D:\\EthicalSoMe\\freeCodeGram-master\\freeCodeGram-master\\vendor\\laravel\\framework\\src\\Illuminate\\Foundation\\Http\\Middleware\\TransformsRequest.php(21): Illuminate\\Pipeline\\Pipeline->Illuminate\\Pipeline\\{closure}(Object(Illuminate\\Http\\Request))
#25 D:\\EthicalSoMe\\freeCodeGram-master\\freeCodeGram-master\\vendor\\laravel\\framework\\src\\Illuminate\\Foundation\\Http\\Middleware\\TrimStrings.php(40): Illuminate\\Foundation\\Http\\Middleware\\TransformsRequest->handle(Object(Illuminate\\Http\\Request), Object(Closure))
#26 D:\\EthicalSoMe\\freeCodeGram-master\\freeCodeGram-master\\vendor\\laravel\\framework\\src\\Illuminate\\Pipeline\\Pipeline.php(167): Illuminate\\Foundation\\Http\\Middleware\\TrimStrings->handle(Object(Illuminate\\Http\\Request), Object(Closure))
#27 D:\\EthicalSoMe\\freeCodeGram-master\\freeCodeGram-master\\vendor\\laravel\\framework\\src\\Illuminate\\Foundation\\Http\\Middleware\\ValidatePostSize.php(27): Illuminate\\Pipeline\\Pipeline->Illuminate\\Pipeline\\{closure}(Object(Illuminate\\Http\\Request))
#28 D:\\EthicalSoMe\\freeCodeGram-master\\freeCodeGram-master\\vendor\\laravel\\framework\\src\\Illuminate\\Pipeline\\Pipeline.php(167): Illuminate\\Foundation\\Http\\Middleware\\ValidatePostSize->handle(Object(Illuminate\\Http\\Request), Object(Closure))
#29 D:\\EthicalSoMe\\freeCodeGram-master\\freeCodeGram-master\\vendor\\laravel\\framework\\src\\Illuminate\\Foundation\\Http\\Middleware\\PreventRequestsDuringMaintenance.php(86): Illuminate\\Pipeline\\Pipeline->Illuminate\\Pipeline\\{closure}(Object(Illuminate\\Http\\Request))
#30 D:\\EthicalSoMe\\freeCodeGram-master\\freeCodeGram-master\\vendor\\laravel\\framework\\src\\Illuminate\\Pipeline\\Pipeline.php(167): Illuminate\\Foundation\\Http\\Middleware\\PreventRequestsDuringMaintenance->handle(Object(Illuminate\\Http\\Request), Object(Closure))
#31 D:\\EthicalSoMe\\freeCodeGram-master\\freeCodeGram-master\\vendor\\laravel\\framework\\src\\Illuminate\\Pipeline\\Pipeline.php(103): Illuminate\\Pipeline\\Pipeline->Illuminate\\Pipeline\\{closure}(Object(Illuminate\\Http\\Request))
#32 D:\\EthicalSoMe\\freeCodeGram-master\\freeCodeGram-master\\vendor\\laravel\\framework\\src\\Illuminate\\Foundation\\Http\\Kernel.php(141): Illuminate\\Pipeline\\Pipeline->then(Object(Closure))
#33 D:\\EthicalSoMe\\freeCodeGram-master\\freeCodeGram-master\\vendor\\laravel\\framework\\src\\Illuminate\\Foundation\\Http\\Kernel.php(110): Illuminate\\Foundation\\Http\\Kernel->sendRequestThroughRouter(Object(Illuminate\\Http\\Request))
#34 D:\\EthicalSoMe\\freeCodeGram-master\\freeCodeGram-master\\public\\index.php(55): Illuminate\\Foundation\\Http\\Kernel->handle(Object(Illuminate\\Http\\Request))
#35 D:\\EthicalSoMe\\freeCodeGram-master\\freeCodeGram-master\\server.php(21): require_once('D:\\\\EthicalSoMe\\\\...')
#36 {main}
"} 
[2021-04-07 11:53:54] local.ERROR: Database (D:\EthicalSoMe\freeCodeGram-master\freeCodeGram-master\EtSo\database\database.sqlite) does not exist. (SQL: PRAGMA foreign_keys = ON;) {"exception":"[object] (Illuminate\\Database\\QueryException(code: 0): Database (D:\\EthicalSoMe\\freeCodeGram-master\\freeCodeGram-master\\EtSo\\database\\database.sqlite) does not exist. (SQL: PRAGMA foreign_keys = ON;) at D:\\EthicalSoMe\\freeCodeGram-master\\freeCodeGram-master\\vendor\\laravel\\framework\\src\\Illuminate\\Database\\Connection.php:678)
[stacktrace]
#0 D:\\EthicalSoMe\\freeCodeGram-master\\freeCodeGram-master\\vendor\\laravel\\framework\\src\\Illuminate\\Database\\Connection.php(638): Illuminate\\Database\\Connection->runQueryCallback('PRAGMA foreign_...', Array, Object(Closure))
#1 D:\\EthicalSoMe\\freeCodeGram-master\\freeCodeGram-master\\vendor\\laravel\\framework\\src\\Illuminate\\Database\\Connection.php(472): Illuminate\\Database\\Connection->run('PRAGMA foreign_...', Array, Object(Closure))
#2 D:\\EthicalSoMe\\freeCodeGram-master\\freeCodeGram-master\\vendor\\laravel\\framework\\src\\Illuminate\\Database\\Schema\\Builder.php(335): Illuminate\\Database\\Connection->statement('PRAGMA foreign_...')
#3 D:\\EthicalSoMe\\freeCodeGram-master\\freeCodeGram-master\\vendor\\laravel\\framework\\src\\Illuminate\\Database\\SQLiteConnection.php(37): Illuminate\\Database\\Schema\\Builder->enableForeignKeyConstraints()
#4 D:\\EthicalSoMe\\freeCodeGram-master\\freeCodeGram-master\\vendor\\laravel\\framework\\src\\Illuminate\\Database\\Connectors\\ConnectionFactory.php(282): Illuminate\\Database\\SQLiteConnection->__construct(Object(Closure), 'D:\\\\EthicalSoMe\\\\...', '', Array)
#5 D:\\EthicalSoMe\\freeCodeGram-master\\freeCodeGram-master\\vendor\\laravel\\framework\\src\\Illuminate\\Database\\Connectors\\ConnectionFactory.php(76): Illuminate\\Database\\Connectors\\ConnectionFactory->createConnection('sqlite', Object(Closure), 'D:\\\\EthicalSoMe\\\\...', '', Array)
#6 D:\\EthicalSoMe\\freeCodeGram-master\\freeCodeGram-master\\vendor\\laravel\\framework\\src\\Illuminate\\Database\\Connectors\\ConnectionFactory.php(50): Illuminate\\Database\\Connectors\\ConnectionFactory->createSingleConnection(Array)
#7 D:\\EthicalSoMe\\freeCodeGram-master\\freeCodeGram-master\\vendor\\laravel\\framework\\src\\Illuminate\\Database\\DatabaseManager.php(131): Illuminate\\Database\\Connectors\\ConnectionFactory->make(Array, 'sqlite')
#8 D:\\EthicalSoMe\\freeCodeGram-master\\freeCodeGram-master\\vendor\\laravel\\framework\\src\\Illuminate\\Database\\DatabaseManager.php(86): Illuminate\\Database\\DatabaseManager->makeConnection('sqlite')
#9 D:\\EthicalSoMe\\freeCodeGram-master\\freeCodeGram-master\\vendor\\laravel\\framework\\src\\Illuminate\\Support\\Facades\\Facade.php(261): Illuminate\\Database\\DatabaseManager->connection('sqlite')
#10 D:\\EthicalSoMe\\freeCodeGram-master\\freeCodeGram-master\\vendor\\laravel\\telescope\\src\\Storage\\DatabaseEntriesRepository.php(383): Illuminate\\Support\\Facades\\Facade::__callStatic('connection', Array)
#11 D:\\EthicalSoMe\\freeCodeGram-master\\freeCodeGram-master\\vendor\\laravel\\telescope\\src\\Storage\\DatabaseEntriesRepository.php(163): Laravel\\Telescope\\Storage\\DatabaseEntriesRepository->table('telescope_entri...')
#12 D:\\EthicalSoMe\\freeCodeGram-master\\freeCodeGram-master\\vendor\\laravel\\framework\\src\\Illuminate\\Collections\\Traits\\EnumeratesValues.php(234): Laravel\\Telescope\\Storage\\DatabaseEntriesRepository->Laravel\\Telescope\\Storage\\{closure}(Object(Illuminate\\Support\\Collection), 0)
#13 D:\\EthicalSoMe\\freeCodeGram-master\\freeCodeGram-master\\vendor\\laravel\\telescope\\src\\Storage\\DatabaseEntriesRepository.php(178): Illuminate\\Support\\Collection->each(Object(Closure))
#14 D:\\EthicalSoMe\\freeCodeGram-master\\freeCodeGram-master\\vendor\\laravel\\telescope\\src\\Storage\\DatabaseEntriesRepository.php(139): Laravel\\Telescope\\Storage\\DatabaseEntriesRepository->storeExceptions(Object(Illuminate\\Support\\Collection))
#15 D:\\EthicalSoMe\\freeCodeGram-master\\freeCodeGram-master\\vendor\\laravel\\telescope\\src\\Telescope.php(632): Laravel\\Telescope\\Storage\\DatabaseEntriesRepository->store(Object(Illuminate\\Support\\Collection))
#16 [internal function]: Laravel\\Telescope\\Telescope::Laravel\\Telescope\\{closure}()
#17 D:\\EthicalSoMe\\freeCodeGram-master\\freeCodeGram-master\\vendor\\laravel\\telescope\\src\\Telescope.php(265): call_user_func(Object(Closure))
#18 D:\\EthicalSoMe\\freeCodeGram-master\\freeCodeGram-master\\vendor\\laravel\\telescope\\src\\Telescope.php(643): Laravel\\Telescope\\Telescope::withoutRecording(Object(Closure))
#19 D:\\EthicalSoMe\\freeCodeGram-master\\freeCodeGram-master\\vendor\\laravel\\telescope\\src\\ListensForStorageOpportunities.php(65): Laravel\\Telescope\\Telescope::store(Object(Laravel\\Telescope\\Storage\\DatabaseEntriesRepository))
#20 D:\\EthicalSoMe\\freeCodeGram-master\\freeCodeGram-master\\vendor\\laravel\\framework\\src\\Illuminate\\Container\\BoundMethod.php(36): Laravel\\Telescope\\Telescope::Laravel\\Telescope\\{closure}()
#21 D:\\EthicalSoMe\\freeCodeGram-master\\freeCodeGram-master\\vendor\\laravel\\framework\\src\\Illuminate\\Container\\Util.php(40): Illuminate\\Container\\BoundMethod::Illuminate\\Container\\{closure}()
#22 D:\\EthicalSoMe\\freeCodeGram-master\\freeCodeGram-master\\vendor\\laravel\\framework\\src\\Illuminate\\Container\\BoundMethod.php(81): Illuminate\\Container\\Util::unwrapIfClosure(Object(Closure))
#23 D:\\EthicalSoMe\\freeCodeGram-master\\freeCodeGram-master\\vendor\\laravel\\framework\\src\\Illuminate\\Container\\BoundMethod.php(37): Illuminate\\Container\\BoundMethod::callBoundMethod(Object(Illuminate\\Foundation\\Application), Object(Closure), Object(Closure))
#24 D:\\EthicalSoMe\\freeCodeGram-master\\freeCodeGram-master\\vendor\\laravel\\framework\\src\\Illuminate\\Container\\Container.php(611): Illuminate\\Container\\BoundMethod::call(Object(Illuminate\\Foundation\\Application), Object(Closure), Array, NULL)
#25 D:\\EthicalSoMe\\freeCodeGram-master\\freeCodeGram-master\\vendor\\laravel\\framework\\src\\Illuminate\\Foundation\\Application.php(1140): Illuminate\\Container\\Container->call(Object(Closure))
#26 D:\\EthicalSoMe\\freeCodeGram-master\\freeCodeGram-master\\vendor\\laravel\\framework\\src\\Illuminate\\Foundation\\Http\\Kernel.php(181): Illuminate\\Foundation\\Application->terminate()
#27 D:\\EthicalSoMe\\freeCodeGram-master\\freeCodeGram-master\\public\\index.php(60): Illuminate\\Foundation\\Http\\Kernel->terminate(Object(Illuminate\\Http\\Request), Object(Illuminate\\Http\\Response))
#28 D:\\EthicalSoMe\\freeCodeGram-master\\freeCodeGram-master\\server.php(21): require_once('D:\\\\EthicalSoMe\\\\...')
#29 {main}

[previous exception] [object] (InvalidArgumentException(code: 0): Database (D:\\EthicalSoMe\\freeCodeGram-master\\freeCodeGram-master\\EtSo\\database\\database.sqlite) does not exist. at D:\\EthicalSoMe\\freeCodeGram-master\\freeCodeGram-master\\vendor\\laravel\\framework\\src\\Illuminate\\Database\\Connectors\\SQLiteConnector.php:34)
[stacktrace]
#0 D:\\EthicalSoMe\\freeCodeGram-master\\freeCodeGram-master\\vendor\\laravel\\framework\\src\\Illuminate\\Database\\Connectors\\ConnectionFactory.php(222): Illuminate\\Database\\Connectors\\SQLiteConnector->connect(Array)
#1 [internal function]: Illuminate\\Database\\Connectors\\ConnectionFactory->Illuminate\\Database\\Connectors\\{closure}()
#2 D:\\EthicalSoMe\\freeCodeGram-master\\freeCodeGram-master\\vendor\\laravel\\framework\\src\\Illuminate\\Database\\Connection.php(949): call_user_func(Object(Closure))
#3 D:\\EthicalSoMe\\freeCodeGram-master\\freeCodeGram-master\\vendor\\laravel\\framework\\src\\Illuminate\\Database\\Connection.php(465): Illuminate\\Database\\Connection->getPdo()
#4 D:\\EthicalSoMe\\freeCodeGram-master\\freeCodeGram-master\\vendor\\laravel\\framework\\src\\Illuminate\\Database\\Connection.php(671): Illuminate\\Database\\Connection->Illuminate\\Database\\{closure}('PRAGMA foreign_...', Array)
#5 D:\\EthicalSoMe\\freeCodeGram-master\\freeCodeGram-master\\vendor\\laravel\\framework\\src\\Illuminate\\Database\\Connection.php(638): Illuminate\\Database\\Connection->runQueryCallback('PRAGMA foreign_...', Array, Object(Closure))
#6 D:\\EthicalSoMe\\freeCodeGram-master\\freeCodeGram-master\\vendor\\laravel\\framework\\src\\Illuminate\\Database\\Connection.php(472): Illuminate\\Database\\Connection->run('PRAGMA foreign_...', Array, Object(Closure))
#7 D:\\EthicalSoMe\\freeCodeGram-master\\freeCodeGram-master\\vendor\\laravel\\framework\\src\\Illuminate\\Database\\Schema\\Builder.php(335): Illuminate\\Database\\Connection->statement('PRAGMA foreign_...')
#8 D:\\EthicalSoMe\\freeCodeGram-master\\freeCodeGram-master\\vendor\\laravel\\framework\\src\\Illuminate\\Database\\SQLiteConnection.php(37): Illuminate\\Database\\Schema\\Builder->enableForeignKeyConstraints()
#9 D:\\EthicalSoMe\\freeCodeGram-master\\freeCodeGram-master\\vendor\\laravel\\framework\\src\\Illuminate\\Database\\Connectors\\ConnectionFactory.php(282): Illuminate\\Database\\SQLiteConnection->__construct(Object(Closure), 'D:\\\\EthicalSoMe\\\\...', '', Array)
#10 D:\\EthicalSoMe\\freeCodeGram-master\\freeCodeGram-master\\vendor\\laravel\\framework\\src\\Illuminate\\Database\\Connectors\\ConnectionFactory.php(76): Illuminate\\Database\\Connectors\\ConnectionFactory->createConnection('sqlite', Object(Closure), 'D:\\\\EthicalSoMe\\\\...', '', Array)
#11 D:\\EthicalSoMe\\freeCodeGram-master\\freeCodeGram-master\\vendor\\laravel\\framework\\src\\Illuminate\\Database\\Connectors\\ConnectionFactory.php(50): Illuminate\\Database\\Connectors\\ConnectionFactory->createSingleConnection(Array)
#12 D:\\EthicalSoMe\\freeCodeGram-master\\freeCodeGram-master\\vendor\\laravel\\framework\\src\\Illuminate\\Database\\DatabaseManager.php(131): Illuminate\\Database\\Connectors\\ConnectionFactory->make(Array, 'sqlite')
#13 D:\\EthicalSoMe\\freeCodeGram-master\\freeCodeGram-master\\vendor\\laravel\\framework\\src\\Illuminate\\Database\\DatabaseManager.php(86): Illuminate\\Database\\DatabaseManager->makeConnection('sqlite')
#14 D:\\EthicalSoMe\\freeCodeGram-master\\freeCodeGram-master\\vendor\\laravel\\framework\\src\\Illuminate\\Support\\Facades\\Facade.php(261): Illuminate\\Database\\DatabaseManager->connection('sqlite')
#15 D:\\EthicalSoMe\\freeCodeGram-master\\freeCodeGram-master\\vendor\\laravel\\telescope\\src\\Storage\\DatabaseEntriesRepository.php(383): Illuminate\\Support\\Facades\\Facade::__callStatic('connection', Array)
#16 D:\\EthicalSoMe\\freeCodeGram-master\\freeCodeGram-master\\vendor\\laravel\\telescope\\src\\Storage\\DatabaseEntriesRepository.php(163): Laravel\\Telescope\\Storage\\DatabaseEntriesRepository->table('telescope_entri...')
#17 D:\\EthicalSoMe\\freeCodeGram-master\\freeCodeGram-master\\vendor\\laravel\\framework\\src\\Illuminate\\Collections\\Traits\\EnumeratesValues.php(234): Laravel\\Telescope\\Storage\\DatabaseEntriesRepository->Laravel\\Telescope\\Storage\\{closure}(Object(Illuminate\\Support\\Collection), 0)
#18 D:\\EthicalSoMe\\freeCodeGram-master\\freeCodeGram-master\\vendor\\laravel\\telescope\\src\\Storage\\DatabaseEntriesRepository.php(178): Illuminate\\Support\\Collection->each(Object(Closure))
#19 D:\\EthicalSoMe\\freeCodeGram-master\\freeCodeGram-master\\vendor\\laravel\\telescope\\src\\Storage\\DatabaseEntriesRepository.php(139): Laravel\\Telescope\\Storage\\DatabaseEntriesRepository->storeExceptions(Object(Illuminate\\Support\\Collection))
#20 D:\\EthicalSoMe\\freeCodeGram-master\\freeCodeGram-master\\vendor\\laravel\\telescope\\src\\Telescope.php(632): Laravel\\Telescope\\Storage\\DatabaseEntriesRepository->store(Object(Illuminate\\Support\\Collection))
#21 [internal function]: Laravel\\Telescope\\Telescope::Laravel\\Telescope\\{closure}()
#22 D:\\EthicalSoMe\\freeCodeGram-master\\freeCodeGram-master\\vendor\\laravel\\telescope\\src\\Telescope.php(265): call_user_func(Object(Closure))
#23 D:\\EthicalSoMe\\freeCodeGram-master\\freeCodeGram-master\\vendor\\laravel\\telescope\\src\\Telescope.php(643): Laravel\\Telescope\\Telescope::withoutRecording(Object(Closure))
#24 D:\\EthicalSoMe\\freeCodeGram-master\\freeCodeGram-master\\vendor\\laravel\\telescope\\src\\ListensForStorageOpportunities.php(65): Laravel\\Telescope\\Telescope::store(Object(Laravel\\Telescope\\Storage\\DatabaseEntriesRepository))
#25 D:\\EthicalSoMe\\freeCodeGram-master\\freeCodeGram-master\\vendor\\laravel\\framework\\src\\Illuminate\\Container\\BoundMethod.php(36): Laravel\\Telescope\\Telescope::Laravel\\Telescope\\{closure}()
#26 D:\\EthicalSoMe\\freeCodeGram-master\\freeCodeGram-master\\vendor\\laravel\\framework\\src\\Illuminate\\Container\\Util.php(40): Illuminate\\Container\\BoundMethod::Illuminate\\Container\\{closure}()
#27 D:\\EthicalSoMe\\freeCodeGram-master\\freeCodeGram-master\\vendor\\laravel\\framework\\src\\Illuminate\\Container\\BoundMethod.php(81): Illuminate\\Container\\Util::unwrapIfClosure(Object(Closure))
#28 D:\\EthicalSoMe\\freeCodeGram-master\\freeCodeGram-master\\vendor\\laravel\\framework\\src\\Illuminate\\Container\\BoundMethod.php(37): Illuminate\\Container\\BoundMethod::callBoundMethod(Object(Illuminate\\Foundation\\Application), Object(Closure), Object(Closure))
#29 D:\\EthicalSoMe\\freeCodeGram-master\\freeCodeGram-master\\vendor\\laravel\\framework\\src\\Illuminate\\Container\\Container.php(611): Illuminate\\Container\\BoundMethod::call(Object(Illuminate\\Foundation\\Application), Object(Closure), Array, NULL)
#30 D:\\EthicalSoMe\\freeCodeGram-master\\freeCodeGram-master\\vendor\\laravel\\framework\\src\\Illuminate\\Foundation\\Application.php(1140): Illuminate\\Container\\Container->call(Object(Closure))
#31 D:\\EthicalSoMe\\freeCodeGram-master\\freeCodeGram-master\\vendor\\laravel\\framework\\src\\Illuminate\\Foundation\\Http\\Kernel.php(181): Illuminate\\Foundation\\Application->terminate()
#32 D:\\EthicalSoMe\\freeCodeGram-master\\freeCodeGram-master\\public\\index.php(60): Illuminate\\Foundation\\Http\\Kernel->terminate(Object(Illuminate\\Http\\Request), Object(Illuminate\\Http\\Response))
#33 D:\\EthicalSoMe\\freeCodeGram-master\\freeCodeGram-master\\server.php(21): require_once('D:\\\\EthicalSoMe\\\\...')
#34 {main}
"} 
[2021-04-07 11:54:05] local.ERROR: Database (D:\EthicalSoMe\freeCodeGram-master\freeCodeGram-master\EtSo\database\database.sqlite) does not exist. (SQL: PRAGMA foreign_keys = ON;) {"exception":"[object] (Illuminate\\Database\\QueryException(code: 0): Database (D:\\EthicalSoMe\\freeCodeGram-master\\freeCodeGram-master\\EtSo\\database\\database.sqlite) does not exist. (SQL: PRAGMA foreign_keys = ON;) at D:\\EthicalSoMe\\freeCodeGram-master\\freeCodeGram-master\\vendor\\laravel\\framework\\src\\Illuminate\\Database\\Connection.php:678)
[stacktrace]
#0 D:\\EthicalSoMe\\freeCodeGram-master\\freeCodeGram-master\\vendor\\laravel\\framework\\src\\Illuminate\\Database\\Connection.php(638): Illuminate\\Database\\Connection->runQueryCallback('PRAGMA foreign_...', Array, Object(Closure))
#1 D:\\EthicalSoMe\\freeCodeGram-master\\freeCodeGram-master\\vendor\\laravel\\framework\\src\\Illuminate\\Database\\Connection.php(472): Illuminate\\Database\\Connection->run('PRAGMA foreign_...', Array, Object(Closure))
#2 D:\\EthicalSoMe\\freeCodeGram-master\\freeCodeGram-master\\vendor\\laravel\\framework\\src\\Illuminate\\Database\\Schema\\Builder.php(335): Illuminate\\Database\\Connection->statement('PRAGMA foreign_...')
#3 D:\\EthicalSoMe\\freeCodeGram-master\\freeCodeGram-master\\vendor\\laravel\\framework\\src\\Illuminate\\Database\\SQLiteConnection.php(37): Illuminate\\Database\\Schema\\Builder->enableForeignKeyConstraints()
#4 D:\\EthicalSoMe\\freeCodeGram-master\\freeCodeGram-master\\vendor\\laravel\\framework\\src\\Illuminate\\Database\\Connectors\\ConnectionFactory.php(282): Illuminate\\Database\\SQLiteConnection->__construct(Object(Closure), 'D:\\\\EthicalSoMe\\\\...', '', Array)
#5 D:\\EthicalSoMe\\freeCodeGram-master\\freeCodeGram-master\\vendor\\laravel\\framework\\src\\Illuminate\\Database\\Connectors\\ConnectionFactory.php(76): Illuminate\\Database\\Connectors\\ConnectionFactory->createConnection('sqlite', Object(Closure), 'D:\\\\EthicalSoMe\\\\...', '', Array)
#6 D:\\EthicalSoMe\\freeCodeGram-master\\freeCodeGram-master\\vendor\\laravel\\framework\\src\\Illuminate\\Database\\Connectors\\ConnectionFactory.php(50): Illuminate\\Database\\Connectors\\ConnectionFactory->createSingleConnection(Array)
#7 D:\\EthicalSoMe\\freeCodeGram-master\\freeCodeGram-master\\vendor\\laravel\\framework\\src\\Illuminate\\Database\\DatabaseManager.php(131): Illuminate\\Database\\Connectors\\ConnectionFactory->make(Array, 'sqlite')
#8 D:\\EthicalSoMe\\freeCodeGram-master\\freeCodeGram-master\\vendor\\laravel\\framework\\src\\Illuminate\\Database\\DatabaseManager.php(86): Illuminate\\Database\\DatabaseManager->makeConnection('sqlite')
#9 D:\\EthicalSoMe\\freeCodeGram-master\\freeCodeGram-master\\vendor\\laravel\\framework\\src\\Illuminate\\Support\\Facades\\Facade.php(261): Illuminate\\Database\\DatabaseManager->connection('sqlite')
#10 D:\\EthicalSoMe\\freeCodeGram-master\\freeCodeGram-master\\vendor\\laravel\\telescope\\src\\Storage\\DatabaseEntriesRepository.php(383): Illuminate\\Support\\Facades\\Facade::__callStatic('connection', Array)
#11 D:\\EthicalSoMe\\freeCodeGram-master\\freeCodeGram-master\\vendor\\laravel\\telescope\\src\\Storage\\DatabaseEntriesRepository.php(141): Laravel\\Telescope\\Storage\\DatabaseEntriesRepository->table('telescope_entri...')
#12 D:\\EthicalSoMe\\freeCodeGram-master\\freeCodeGram-master\\vendor\\laravel\\telescope\\src\\Telescope.php(632): Laravel\\Telescope\\Storage\\DatabaseEntriesRepository->store(Object(Illuminate\\Support\\Collection))
#13 [internal function]: Laravel\\Telescope\\Telescope::Laravel\\Telescope\\{closure}()
#14 D:\\EthicalSoMe\\freeCodeGram-master\\freeCodeGram-master\\vendor\\laravel\\telescope\\src\\Telescope.php(265): call_user_func(Object(Closure))
#15 D:\\EthicalSoMe\\freeCodeGram-master\\freeCodeGram-master\\vendor\\laravel\\telescope\\src\\Telescope.php(643): Laravel\\Telescope\\Telescope::withoutRecording(Object(Closure))
#16 D:\\EthicalSoMe\\freeCodeGram-master\\freeCodeGram-master\\vendor\\laravel\\telescope\\src\\ListensForStorageOpportunities.php(65): Laravel\\Telescope\\Telescope::store(Object(Laravel\\Telescope\\Storage\\DatabaseEntriesRepository))
#17 D:\\EthicalSoMe\\freeCodeGram-master\\freeCodeGram-master\\vendor\\laravel\\framework\\src\\Illuminate\\Container\\BoundMethod.php(36): Laravel\\Telescope\\Telescope::Laravel\\Telescope\\{closure}()
#18 D:\\EthicalSoMe\\freeCodeGram-master\\freeCodeGram-master\\vendor\\laravel\\framework\\src\\Illuminate\\Container\\Util.php(40): Illuminate\\Container\\BoundMethod::Illuminate\\Container\\{closure}()
#19 D:\\EthicalSoMe\\freeCodeGram-master\\freeCodeGram-master\\vendor\\laravel\\framework\\src\\Illuminate\\Container\\BoundMethod.php(81): Illuminate\\Container\\Util::unwrapIfClosure(Object(Closure))
#20 D:\\EthicalSoMe\\freeCodeGram-master\\freeCodeGram-master\\vendor\\laravel\\framework\\src\\Illuminate\\Container\\BoundMethod.php(37): Illuminate\\Container\\BoundMethod::callBoundMethod(Object(Illuminate\\Foundation\\Application), Object(Closure), Object(Closure))
#21 D:\\EthicalSoMe\\freeCodeGram-master\\freeCodeGram-master\\vendor\\laravel\\framework\\src\\Illuminate\\Container\\Container.php(611): Illuminate\\Container\\BoundMethod::call(Object(Illuminate\\Foundation\\Application), Object(Closure), Array, NULL)
#22 D:\\EthicalSoMe\\freeCodeGram-master\\freeCodeGram-master\\vendor\\laravel\\framework\\src\\Illuminate\\Foundation\\Application.php(1140): Illuminate\\Container\\Container->call(Object(Closure))
#23 D:\\EthicalSoMe\\freeCodeGram-master\\freeCodeGram-master\\vendor\\laravel\\framework\\src\\Illuminate\\Foundation\\Console\\Kernel.php(148): Illuminate\\Foundation\\Application->terminate()
#24 D:\\EthicalSoMe\\freeCodeGram-master\\freeCodeGram-master\\artisan(51): Illuminate\\Foundation\\Console\\Kernel->terminate(Object(Symfony\\Component\\Console\\Input\\ArgvInput), 0)
#25 {main}

[previous exception] [object] (InvalidArgumentException(code: 0): Database (D:\\EthicalSoMe\\freeCodeGram-master\\freeCodeGram-master\\EtSo\\database\\database.sqlite) does not exist. at D:\\EthicalSoMe\\freeCodeGram-master\\freeCodeGram-master\\vendor\\laravel\\framework\\src\\Illuminate\\Database\\Connectors\\SQLiteConnector.php:34)
[stacktrace]
#0 D:\\EthicalSoMe\\freeCodeGram-master\\freeCodeGram-master\\vendor\\laravel\\framework\\src\\Illuminate\\Database\\Connectors\\ConnectionFactory.php(222): Illuminate\\Database\\Connectors\\SQLiteConnector->connect(Array)
#1 [internal function]: Illuminate\\Database\\Connectors\\ConnectionFactory->Illuminate\\Database\\Connectors\\{closure}()
#2 D:\\EthicalSoMe\\freeCodeGram-master\\freeCodeGram-master\\vendor\\laravel\\framework\\src\\Illuminate\\Database\\Connection.php(949): call_user_func(Object(Closure))
#3 D:\\EthicalSoMe\\freeCodeGram-master\\freeCodeGram-master\\vendor\\laravel\\framework\\src\\Illuminate\\Database\\Connection.php(465): Illuminate\\Database\\Connection->getPdo()
#4 D:\\EthicalSoMe\\freeCodeGram-master\\freeCodeGram-master\\vendor\\laravel\\framework\\src\\Illuminate\\Database\\Connection.php(671): Illuminate\\Database\\Connection->Illuminate\\Database\\{closure}('PRAGMA foreign_...', Array)
#5 D:\\EthicalSoMe\\freeCodeGram-master\\freeCodeGram-master\\vendor\\laravel\\framework\\src\\Illuminate\\Database\\Connection.php(638): Illuminate\\Database\\Connection->runQueryCallback('PRAGMA foreign_...', Array, Object(Closure))
#6 D:\\EthicalSoMe\\freeCodeGram-master\\freeCodeGram-master\\vendor\\laravel\\framework\\src\\Illuminate\\Database\\Connection.php(472): Illuminate\\Database\\Connection->run('PRAGMA foreign_...', Array, Object(Closure))
#7 D:\\EthicalSoMe\\freeCodeGram-master\\freeCodeGram-master\\vendor\\laravel\\framework\\src\\Illuminate\\Database\\Schema\\Builder.php(335): Illuminate\\Database\\Connection->statement('PRAGMA foreign_...')
#8 D:\\EthicalSoMe\\freeCodeGram-master\\freeCodeGram-master\\vendor\\laravel\\framework\\src\\Illuminate\\Database\\SQLiteConnection.php(37): Illuminate\\Database\\Schema\\Builder->enableForeignKeyConstraints()
#9 D:\\EthicalSoMe\\freeCodeGram-master\\freeCodeGram-master\\vendor\\laravel\\framework\\src\\Illuminate\\Database\\Connectors\\ConnectionFactory.php(282): Illuminate\\Database\\SQLiteConnection->__construct(Object(Closure), 'D:\\\\EthicalSoMe\\\\...', '', Array)
#10 D:\\EthicalSoMe\\freeCodeGram-master\\freeCodeGram-master\\vendor\\laravel\\framework\\src\\Illuminate\\Database\\Connectors\\ConnectionFactory.php(76): Illuminate\\Database\\Connectors\\ConnectionFactory->createConnection('sqlite', Object(Closure), 'D:\\\\EthicalSoMe\\\\...', '', Array)
#11 D:\\EthicalSoMe\\freeCodeGram-master\\freeCodeGram-master\\vendor\\laravel\\framework\\src\\Illuminate\\Database\\Connectors\\ConnectionFactory.php(50): Illuminate\\Database\\Connectors\\ConnectionFactory->createSingleConnection(Array)
#12 D:\\EthicalSoMe\\freeCodeGram-master\\freeCodeGram-master\\vendor\\laravel\\framework\\src\\Illuminate\\Database\\DatabaseManager.php(131): Illuminate\\Database\\Connectors\\ConnectionFactory->make(Array, 'sqlite')
#13 D:\\EthicalSoMe\\freeCodeGram-master\\freeCodeGram-master\\vendor\\laravel\\framework\\src\\Illuminate\\Database\\DatabaseManager.php(86): Illuminate\\Database\\DatabaseManager->makeConnection('sqlite')
#14 D:\\EthicalSoMe\\freeCodeGram-master\\freeCodeGram-master\\vendor\\laravel\\framework\\src\\Illuminate\\Support\\Facades\\Facade.php(261): Illuminate\\Database\\DatabaseManager->connection('sqlite')
#15 D:\\EthicalSoMe\\freeCodeGram-master\\freeCodeGram-master\\vendor\\laravel\\telescope\\src\\Storage\\DatabaseEntriesRepository.php(383): Illuminate\\Support\\Facades\\Facade::__callStatic('connection', Array)
#16 D:\\EthicalSoMe\\freeCodeGram-master\\freeCodeGram-master\\vendor\\laravel\\telescope\\src\\Storage\\DatabaseEntriesRepository.php(141): Laravel\\Telescope\\Storage\\DatabaseEntriesRepository->table('telescope_entri...')
#17 D:\\EthicalSoMe\\freeCodeGram-master\\freeCodeGram-master\\vendor\\laravel\\telescope\\src\\Telescope.php(632): Laravel\\Telescope\\Storage\\DatabaseEntriesRepository->store(Object(Illuminate\\Support\\Collection))
#18 [internal function]: Laravel\\Telescope\\Telescope::Laravel\\Telescope\\{closure}()
#19 D:\\EthicalSoMe\\freeCodeGram-master\\freeCodeGram-master\\vendor\\laravel\\telescope\\src\\Telescope.php(265): call_user_func(Object(Closure))
#20 D:\\EthicalSoMe\\freeCodeGram-master\\freeCodeGram-master\\vendor\\laravel\\telescope\\src\\Telescope.php(643): Laravel\\Telescope\\Telescope::withoutRecording(Object(Closure))
#21 D:\\EthicalSoMe\\freeCodeGram-master\\freeCodeGram-master\\vendor\\laravel\\telescope\\src\\ListensForStorageOpportunities.php(65): Laravel\\Telescope\\Telescope::store(Object(Laravel\\Telescope\\Storage\\DatabaseEntriesRepository))
#22 D:\\EthicalSoMe\\freeCodeGram-master\\freeCodeGram-master\\vendor\\laravel\\framework\\src\\Illuminate\\Container\\BoundMethod.php(36): Laravel\\Telescope\\Telescope::Laravel\\Telescope\\{closure}()
#23 D:\\EthicalSoMe\\freeCodeGram-master\\freeCodeGram-master\\vendor\\laravel\\framework\\src\\Illuminate\\Container\\Util.php(40): Illuminate\\Container\\BoundMethod::Illuminate\\Container\\{closure}()
#24 D:\\EthicalSoMe\\freeCodeGram-master\\freeCodeGram-master\\vendor\\laravel\\framework\\src\\Illuminate\\Container\\BoundMethod.php(81): Illuminate\\Container\\Util::unwrapIfClosure(Object(Closure))
#25 D:\\EthicalSoMe\\freeCodeGram-master\\freeCodeGram-master\\vendor\\laravel\\framework\\src\\Illuminate\\Container\\BoundMethod.php(37): Illuminate\\Container\\BoundMethod::callBoundMethod(Object(Illuminate\\Foundation\\Application), Object(Closure), Object(Closure))
#26 D:\\EthicalSoMe\\freeCodeGram-master\\freeCodeGram-master\\vendor\\laravel\\framework\\src\\Illuminate\\Container\\Container.php(611): Illuminate\\Container\\BoundMethod::call(Object(Illuminate\\Foundation\\Application), Object(Closure), Array, NULL)
#27 D:\\EthicalSoMe\\freeCodeGram-master\\freeCodeGram-master\\vendor\\laravel\\framework\\src\\Illuminate\\Foundation\\Application.php(1140): Illuminate\\Container\\Container->call(Object(Closure))
#28 D:\\EthicalSoMe\\freeCodeGram-master\\freeCodeGram-master\\vendor\\laravel\\framework\\src\\Illuminate\\Foundation\\Console\\Kernel.php(148): Illuminate\\Foundation\\Application->terminate()
#29 D:\\EthicalSoMe\\freeCodeGram-master\\freeCodeGram-master\\artisan(51): Illuminate\\Foundation\\Console\\Kernel->terminate(Object(Symfony\\Component\\Console\\Input\\ArgvInput), 0)
#30 {main}
"} 
